c:\users\egork\desktop\omega\omega\debug\omega.pch
c:\users\egork\desktop\omega\omega\debug\vc120.pdb
c:\users\egork\desktop\omega\omega\debug\vc120.idb
c:\users\egork\desktop\omega\omega\debug\stdafx.obj
c:\users\egork\desktop\omega\omega\debug\childfrm.obj
c:\users\egork\desktop\omega\omega\debug\mainfrm.obj
c:\users\egork\desktop\omega\omega\debug\omega.obj
c:\users\egork\desktop\omega\omega\debug\omegadoc.obj
c:\users\egork\desktop\omega\omega\debug\star.obj
c:\users\egork\desktop\omega\omega\debug\omegaview.obj
c:\users\egork\desktop\omega\omega\debug\elements.obj
c:\users\egork\desktop\omega\debug\omega.ilk
c:\users\egork\desktop\omega\debug\omega.exe
c:\users\egork\desktop\omega\debug\omega.pdb
c:\users\egork\desktop\omega\omega\debug\omega.res
c:\users\egork\desktop\omega\omega\debug\vc140.idb
c:\users\egork\desktop\omega\omega\debug\vc140.pdb
c:\users\egork\desktop\omega\omega\debug\omega.tlog\cl.command.1.tlog
c:\users\egork\desktop\omega\omega\debug\omega.tlog\cl.read.1.tlog
c:\users\egork\desktop\omega\omega\debug\omega.tlog\cl.write.1.tlog
c:\users\egork\desktop\omega\omega\debug\omega.tlog\link.command.1.tlog
c:\users\egork\desktop\omega\omega\debug\omega.tlog\link.read.1.tlog
c:\users\egork\desktop\omega\omega\debug\omega.tlog\link.write.1.tlog
c:\users\egork\desktop\omega\omega\debug\omega.tlog\rc.command.1.tlog
c:\users\egork\desktop\omega\omega\debug\omega.tlog\rc.read.1.tlog
c:\users\egork\desktop\omega\omega\debug\omega.tlog\rc.write.1.tlog
