<?xml version="1.0" encoding="utf-8" ?>
<!-- DO NOT EDIT THIS FILE -->

<log version='2.0' source='mc'>
	<!-- Successfully loaded CCRT at address 10000000 - 102E7000 -->
	<!-- Successfully loaded MC at address 10000000 - 10C4D000 -->
	<!-- Analysis started for D:\OmegaSoft\Omega\Debug\Omega.exe, pid = 2820 -->
	<msg id='1' source='mc'>
		<type>EXEC_OF_INTEREST</type>
		<severity>INFO</severity>
		<timestamp>Sun Apr 03 22:51:20 2016</timestamp>
		<arg name='path'>D:\OmegaSoft\Omega\Debug\Omega.exe</arg>
		<arg name='pid'>2820</arg>
	</msg>
	<!-- Command line: C:\Program Files (x86)\IntelSWTools\Inspector XE 2016\bin32\pin -xyzzy -mesgoff console -xyzzy -bridge_save_x87 0 -bridge_save_mxcsr 0 -follow_execv -error_file D:\OmegaSoft\Omega\Omega\My Inspector XE Results - Omega\r000mi1\data.0\pin_error.log -logfile D:\OmegaSoft\Omega\Omega\My Inspector XE Results - Omega\r000mi1\data.0\pin.log -xyzzy -region_max_inss 500 -p64 C:\Program Files (x86)\IntelSWTools\Inspector XE 2016\bin64\pin -t64 C:\Program Files (x86)\IntelSWTools\Inspector XE 2016\bin64\memchkr.dll -t C:\Program Files (x86)\IntelSWTools\Inspector XE 2016\bin32\memchkr.dll -no-analyze-stack -no-check-invalid-access -leak-check-on-exit -leak-check-report-reachable -check-resource-leaks -freelist-vol 0 -leak-maximum 100000 -guard-zone-size 0 -stack-depth 8 -heartbeat 1 -mrte-mode auto -working-dir D:\OmegaSoft\Omega\Omega\My Inspector XE Results - Omega\r000mi1\data.0 -log mc_Omega.log -result Omega - D:\OmegaSoft\Omega\Debug\Omega.exe  -->
	<!-- mc's options are the following:  -->
	<!-- -help                              false -->
	<!-- -verbose                           false -->
	<!-- -xyzzy                             false -->
	<!-- -version                           false -->
	<!-- -help-all                          false -->
	<!-- -xyzzy-all                         false -->
	<!-- -report-all-instances              false -->
	<!-- -check-for-padded-structures       true -->
	<!-- -check-for-bitfields               true -->
	<!-- -analyze-stack                     false -->
	<!-- -access-checks                     false -->
	<!-- -check-uninit-read                 false -->
	<!-- -check-invalid-access              false -->
	<!-- -advanced-uninit-read              false -->
	<!-- -track-origins                     true -->
	<!-- -duplicate-uninits                 false -->
	<!-- -bss-initialized                   true -->
	<!-- -align-alloc-size                  false -->
	<!-- -report-uninit-read                false -->
	<!-- -ignore-system-libraries           false -->
	<!-- -gen-suppressions                  false -->
	<!-- -leak-check-on-exit                true -->
	<!-- -leak-check-on-demand              false -->
	<!-- -leak-check-uses-baseline          true -->
	<!-- -enable-memory-growth              false -->
	<!-- -leak-check-report-reachable       true -->
	<!-- -leak-check-full                   true -->
	<!-- -check-resource-leaks              true -->
	<!-- -xml                               true -->
	<!-- -trace-children                    false -->
	<!-- -enable-poke                       false -->
	<!-- -jit-mode-anyway                   false -->
	<!-- -disable-probe-mode-mismatches-64  true -->
	<!-- -aggressive-callstack-caching      false -->
	<!-- -suppress-breakpoints              false -->
	<!-- -monitor-memory                    false -->
	<!-- -freelist-vol                      0 -->
	<!-- -leak-maximum                      100000 -->
	<!-- -guard-zone-size                   0 -->
	<!-- -stack-depth                       8 -->
	<!-- -asdp-major                        2 -->
	<!-- -asdp-minor                        0 -->
	<!-- -heartbeat                         1 -->
	<!-- -breakpoint-file                   (null) -->
	<!-- -config-file                       (null) -->
	<!-- -log                               mc_Omega.log -->
	<!-- -ignore-commands                   (null),  -->
	<!-- -ignore-modules                    (null),  -->
	<!-- -ignore-symbols                    (null),  -->
	<!-- -module-of-interest                (null),  -->
	<!-- -executable-of-interest            (null),  -->
	<!-- -working-dir                       D:\OmegaSoft\Omega\Omega\My Inspector XE Results - Omega\r000mi1\data.0 -->
	<!-- -result                            Omega -->
	<!-- -exclude-module                    (null),  -->
	<!-- -include-module                    (null),  -->
	<!-- -only-exec-commands                (null),  -->
	<!-- -suppressions                      (null),  -->
	<!-- -debug                             none -->
	<!-- -shared-mem-name                   (null) -->
	<!-- -poke-function                     (null),  -->
	<!-- -log-socket                        (null) -->
	<!-- -analysis-mode                     (null) -->
	<!-- -disable-gatekeeping               false -->
	<!-- -ignore-os-allocators              false -->
	<!-- -mrte-mode                         auto -->
	<!-- probe mode: yes -->
	<!-- invalid access: no -->
	<!-- uninit read: no -->
	<!-- track origin: no -->
	<!-- Module loaded D:\OmegaSoft\Omega\Debug\Omega.exe, address range [0x013e0000-0x020ccfff] -->
	<msg id='2' source='mc'>
		<type>MODULE_LOAD</type>
		<severity>INFO</severity>
		<timestamp>Sun Apr 03 22:51:27 2016</timestamp>
		<arg name='path'>D:\OmegaSoft\Omega\Debug\Omega.exe</arg>
		<arg name='addr1'>0x013E0000</arg>
		<arg name='addr2'>0x020CCFFF</arg>
	</msg>
	<!-- Module loaded C:\Program Files (x86)\NVIDIA Corporation\CoProcManager\detoured.dll, address range [0x0f000000-0x0f005fff] -->
	<msg id='3' source='mc'>
		<type>MODULE_LOAD</type>
		<severity>INFO</severity>
		<timestamp>Sun Apr 03 22:51:27 2016</timestamp>
		<arg name='path'>C:\Program Files (x86)\NVIDIA Corporation\CoProcManager\detoured.dll</arg>
		<arg name='addr1'>0x0F000000</arg>
		<arg name='addr2'>0x0F005FFF</arg>
	</msg>
	<!-- Module loaded C:\Program Files (x86)\NVIDIA Corporation\CoProcManager\nvdxgiwrap.dll, address range [0x6bfa0000-0x6bfbdfff] -->
	<msg id='4' source='mc'>
		<type>MODULE_LOAD</type>
		<severity>INFO</severity>
		<timestamp>Sun Apr 03 22:51:27 2016</timestamp>
		<arg name='path'>C:\Program Files (x86)\NVIDIA Corporation\CoProcManager\nvdxgiwrap.dll</arg>
		<arg name='addr1'>0x6BFA0000</arg>
		<arg name='addr2'>0x6BFBDFFF</arg>
	</msg>
	<!-- Module loaded C:\Program Files (x86)\NVIDIA Corporation\CoProcManager\nvd3d9wrap.dll, address range [0x6bfc0000-0x6bfe8fff] -->
	<msg id='5' source='mc'>
		<type>MODULE_LOAD</type>
		<severity>INFO</severity>
		<timestamp>Sun Apr 03 22:51:27 2016</timestamp>
		<arg name='path'>C:\Program Files (x86)\NVIDIA Corporation\CoProcManager\nvd3d9wrap.dll</arg>
		<arg name='addr1'>0x6BFC0000</arg>
		<arg name='addr2'>0x6BFE8FFF</arg>
	</msg>
	<!-- Module loaded C:\Windows\system32\VERSION.dll, address range [0x72e20000-0x72e28fff] -->
	<msg id='6' source='mc'>
		<type>MODULE_LOAD</type>
		<severity>INFO</severity>
		<timestamp>Sun Apr 03 22:51:27 2016</timestamp>
		<arg name='path'>C:\Windows\system32\VERSION.dll</arg>
		<arg name='addr1'>0x72E20000</arg>
		<arg name='addr2'>0x72E28FFF</arg>
	</msg>
	<!-- Module loaded C:\Windows\SysWOW64\nvinit.dll, address range [0x72e30000-0x72e5afff] -->
	<msg id='7' source='mc'>
		<type>MODULE_LOAD</type>
		<severity>INFO</severity>
		<timestamp>Sun Apr 03 22:51:27 2016</timestamp>
		<arg name='path'>C:\Windows\SysWOW64\nvinit.dll</arg>
		<arg name='addr1'>0x72E30000</arg>
		<arg name='addr2'>0x72E5AFFF</arg>
	</msg>
	<!-- Module loaded C:\Windows\syswow64\CRYPTBASE.dll, address range [0x75270000-0x7527bfff], minimal analysis -->
	<msg id='8' source='mc'>
		<type>MODULE_LOAD_NO_ANALYSIS</type>
		<severity>INFO</severity>
		<timestamp>Sun Apr 03 22:51:27 2016</timestamp>
		<arg name='path'>C:\Windows\syswow64\CRYPTBASE.dll</arg>
		<arg name='addr1'>0x75270000</arg>
		<arg name='addr2'>0x7527BFFF</arg>
	</msg>
	<!-- Module loaded C:\Windows\syswow64\SspiCli.dll, address range [0x75280000-0x752dffff] -->
	<msg id='9' source='mc'>
		<type>MODULE_LOAD</type>
		<severity>INFO</severity>
		<timestamp>Sun Apr 03 22:51:27 2016</timestamp>
		<arg name='path'>C:\Windows\syswow64\SspiCli.dll</arg>
		<arg name='addr1'>0x75280000</arg>
		<arg name='addr2'>0x752DFFFF</arg>
	</msg>
	<!-- Module loaded C:\Windows\syswow64\RPCRT4.dll, address range [0x760e0000-0x761cffff], minimal analysis -->
	<msg id='10' source='mc'>
		<type>MODULE_LOAD_NO_ANALYSIS</type>
		<severity>INFO</severity>
		<timestamp>Sun Apr 03 22:51:27 2016</timestamp>
		<arg name='path'>C:\Windows\syswow64\RPCRT4.dll</arg>
		<arg name='addr1'>0x760E0000</arg>
		<arg name='addr2'>0x761CFFFF</arg>
	</msg>
	<!-- Module loaded C:\Windows\syswow64\SETUPAPI.dll, address range [0x761d0000-0x7636cfff] -->
	<msg id='11' source='mc'>
		<type>MODULE_LOAD</type>
		<severity>INFO</severity>
		<timestamp>Sun Apr 03 22:51:27 2016</timestamp>
		<arg name='path'>C:\Windows\syswow64\SETUPAPI.dll</arg>
		<arg name='addr1'>0x761D0000</arg>
		<arg name='addr2'>0x7636CFFF</arg>
	</msg>
	<!-- Module loaded C:\Windows\syswow64\DEVOBJ.dll, address range [0x764b0000-0x764c1fff] -->
	<msg id='12' source='mc'>
		<type>MODULE_LOAD</type>
		<severity>INFO</severity>
		<timestamp>Sun Apr 03 22:51:27 2016</timestamp>
		<arg name='path'>C:\Windows\syswow64\DEVOBJ.dll</arg>
		<arg name='addr1'>0x764B0000</arg>
		<arg name='addr2'>0x764C1FFF</arg>
	</msg>
	<!-- Module loaded C:\Windows\syswow64\USP10.dll, address range [0x76a00000-0x76a9cfff], minimal analysis -->
	<msg id='13' source='mc'>
		<type>MODULE_LOAD_NO_ANALYSIS</type>
		<severity>INFO</severity>
		<timestamp>Sun Apr 03 22:51:27 2016</timestamp>
		<arg name='path'>C:\Windows\syswow64\USP10.dll</arg>
		<arg name='addr1'>0x76A00000</arg>
		<arg name='addr2'>0x76A9CFFF</arg>
	</msg>
	<!-- Module loaded C:\Windows\syswow64\USER32.dll, address range [0x76b40000-0x76c3ffff], minimal analysis -->
	<msg id='14' source='mc'>
		<type>MODULE_LOAD_NO_ANALYSIS</type>
		<severity>INFO</severity>
		<timestamp>Sun Apr 03 22:51:27 2016</timestamp>
		<arg name='path'>C:\Windows\syswow64\USER32.dll</arg>
		<arg name='addr1'>0x76B40000</arg>
		<arg name='addr2'>0x76C3FFFF</arg>
	</msg>
	<!-- Module loaded C:\Windows\syswow64\GDI32.dll, address range [0x76c50000-0x76cdffff], minimal analysis -->
	<msg id='15' source='mc'>
		<type>MODULE_LOAD_NO_ANALYSIS</type>
		<severity>INFO</severity>
		<timestamp>Sun Apr 03 22:51:27 2016</timestamp>
		<arg name='path'>C:\Windows\syswow64\GDI32.dll</arg>
		<arg name='addr1'>0x76C50000</arg>
		<arg name='addr2'>0x76CDFFFF</arg>
	</msg>
	<!-- Module loaded C:\Windows\syswow64\OLEAUT32.dll, address range [0x76d40000-0x76dcefff], minimal analysis -->
	<msg id='16' source='mc'>
		<type>MODULE_LOAD_NO_ANALYSIS</type>
		<severity>INFO</severity>
		<timestamp>Sun Apr 03 22:51:28 2016</timestamp>
		<arg name='path'>C:\Windows\syswow64\OLEAUT32.dll</arg>
		<arg name='addr1'>0x76D40000</arg>
		<arg name='addr2'>0x76DCEFFF</arg>
	</msg>
	<!-- Module loaded C:\Windows\syswow64\MSCTF.dll, address range [0x76ee0000-0x76fabfff], minimal analysis -->
	<msg id='17' source='mc'>
		<type>MODULE_LOAD_NO_ANALYSIS</type>
		<severity>INFO</severity>
		<timestamp>Sun Apr 03 22:51:28 2016</timestamp>
		<arg name='path'>C:\Windows\syswow64\MSCTF.dll</arg>
		<arg name='addr1'>0x76EE0000</arg>
		<arg name='addr2'>0x76FABFFF</arg>
	</msg>
	<!-- Module loaded C:\Windows\syswow64\msvcrt.dll, address range [0x76fb0000-0x7705bfff], minimal analysis -->
	<msg id='18' source='mc'>
		<type>MODULE_LOAD_NO_ANALYSIS</type>
		<severity>INFO</severity>
		<timestamp>Sun Apr 03 22:51:28 2016</timestamp>
		<arg name='path'>C:\Windows\syswow64\msvcrt.dll</arg>
		<arg name='addr1'>0x76FB0000</arg>
		<arg name='addr2'>0x7705BFFF</arg>
	</msg>
	<!-- Module loaded C:\Windows\syswow64\KERNELBASE.dll, address range [0x77060000-0x770a6fff], minimal analysis -->
	<msg id='19' source='mc'>
		<type>MODULE_LOAD_NO_ANALYSIS</type>
		<severity>INFO</severity>
		<timestamp>Sun Apr 03 22:51:28 2016</timestamp>
		<arg name='path'>C:\Windows\syswow64\KERNELBASE.dll</arg>
		<arg name='addr1'>0x77060000</arg>
		<arg name='addr2'>0x770A6FFF</arg>
	</msg>
	<!-- Module loaded C:\Windows\SysWOW64\sechost.dll, address range [0x770b0000-0x770c8fff] -->
	<msg id='20' source='mc'>
		<type>MODULE_LOAD</type>
		<severity>INFO</severity>
		<timestamp>Sun Apr 03 22:51:28 2016</timestamp>
		<arg name='path'>C:\Windows\SysWOW64\sechost.dll</arg>
		<arg name='addr1'>0x770B0000</arg>
		<arg name='addr2'>0x770C8FFF</arg>
	</msg>
	<!-- Module loaded C:\Windows\syswow64\CFGMGR32.dll, address range [0x770d0000-0x770f6fff] -->
	<msg id='21' source='mc'>
		<type>MODULE_LOAD</type>
		<severity>INFO</severity>
		<timestamp>Sun Apr 03 22:51:28 2016</timestamp>
		<arg name='path'>C:\Windows\syswow64\CFGMGR32.dll</arg>
		<arg name='addr1'>0x770D0000</arg>
		<arg name='addr2'>0x770F6FFF</arg>
	</msg>
	<!-- Module loaded C:\Windows\syswow64\ole32.dll, address range [0x77130000-0x7728bfff], minimal analysis -->
	<msg id='22' source='mc'>
		<type>MODULE_LOAD_NO_ANALYSIS</type>
		<severity>INFO</severity>
		<timestamp>Sun Apr 03 22:51:28 2016</timestamp>
		<arg name='path'>C:\Windows\syswow64\ole32.dll</arg>
		<arg name='addr1'>0x77130000</arg>
		<arg name='addr2'>0x7728BFFF</arg>
	</msg>
	<!-- Module loaded C:\Windows\syswow64\ADVAPI32.dll, address range [0x772e0000-0x77380fff], minimal analysis -->
	<msg id='23' source='mc'>
		<type>MODULE_LOAD_NO_ANALYSIS</type>
		<severity>INFO</severity>
		<timestamp>Sun Apr 03 22:51:28 2016</timestamp>
		<arg name='path'>C:\Windows\syswow64\ADVAPI32.dll</arg>
		<arg name='addr1'>0x772E0000</arg>
		<arg name='addr2'>0x77380FFF</arg>
	</msg>
	<!-- Module loaded C:\Windows\system32\IMM32.DLL, address range [0x773c0000-0x7741ffff], minimal analysis -->
	<msg id='24' source='mc'>
		<type>MODULE_LOAD_NO_ANALYSIS</type>
		<severity>INFO</severity>
		<timestamp>Sun Apr 03 22:51:28 2016</timestamp>
		<arg name='path'>C:\Windows\system32\IMM32.DLL</arg>
		<arg name='addr1'>0x773C0000</arg>
		<arg name='addr2'>0x7741FFFF</arg>
	</msg>
	<!-- entry point not safe for probe insertion in kernel32.dll -->
	<!-- Module loaded C:\Windows\syswow64\kernel32.dll, address range [0x77420000-0x7752ffff], minimal analysis -->
	<msg id='25' source='mc'>
		<type>MODULE_LOAD_NO_ANALYSIS</type>
		<severity>INFO</severity>
		<timestamp>Sun Apr 03 22:51:28 2016</timestamp>
		<arg name='path'>C:\Windows\syswow64\kernel32.dll</arg>
		<arg name='addr1'>0x77420000</arg>
		<arg name='addr2'>0x7752FFFF</arg>
	</msg>
	<!-- Module loaded C:\Windows\syswow64\LPK.dll, address range [0x77900000-0x77909fff] -->
	<msg id='26' source='mc'>
		<type>MODULE_LOAD</type>
		<severity>INFO</severity>
		<timestamp>Sun Apr 03 22:51:28 2016</timestamp>
		<arg name='path'>C:\Windows\syswow64\LPK.dll</arg>
		<arg name='addr1'>0x77900000</arg>
		<arg name='addr2'>0x77909FFF</arg>
	</msg>
	<!-- Module loaded C:\Windows\SysWOW64\ntdll.dll, address range [0x77930000-0x77aaffff], minimal analysis -->
	<msg id='27' source='mc'>
		<type>MODULE_LOAD_NO_ANALYSIS</type>
		<severity>INFO</severity>
		<timestamp>Sun Apr 03 22:51:28 2016</timestamp>
		<arg name='path'>C:\Windows\SysWOW64\ntdll.dll</arg>
		<arg name='addr1'>0x77930000</arg>
		<arg name='addr2'>0x77AAFFFF</arg>
	</msg>
	<!-- Module loaded C:\Windows\system32\MSIMG32.dll, address range [0x71a10000-0x71a14fff] -->
	<msg id='28' source='mc'>
		<type>MODULE_LOAD</type>
		<severity>INFO</severity>
		<timestamp>Sun Apr 03 22:51:28 2016</timestamp>
		<arg name='path'>C:\Windows\system32\MSIMG32.dll</arg>
		<arg name='addr1'>0x71A10000</arg>
		<arg name='addr2'>0x71A14FFF</arg>
	</msg>
	<!-- Module loaded C:\Windows\system32\WINSPOOL.DRV, address range [0x6a960000-0x6a9b0fff] -->
	<msg id='29' source='mc'>
		<type>MODULE_LOAD</type>
		<severity>INFO</severity>
		<timestamp>Sun Apr 03 22:51:28 2016</timestamp>
		<arg name='path'>C:\Windows\system32\WINSPOOL.DRV</arg>
		<arg name='addr1'>0x6A960000</arg>
		<arg name='addr2'>0x6A9B0FFF</arg>
	</msg>
	<!-- Module loaded C:\Windows\syswow64\SHELL32.dll, address range [0x752e0000-0x75f2afff], minimal analysis -->
	<msg id='30' source='mc'>
		<type>MODULE_LOAD_NO_ANALYSIS</type>
		<severity>INFO</severity>
		<timestamp>Sun Apr 03 22:51:28 2016</timestamp>
		<arg name='path'>C:\Windows\syswow64\SHELL32.dll</arg>
		<arg name='addr1'>0x752E0000</arg>
		<arg name='addr2'>0x75F2AFFF</arg>
	</msg>
	<!-- Module loaded C:\Windows\syswow64\SHLWAPI.dll, address range [0x76ce0000-0x76d36fff] -->
	<msg id='31' source='mc'>
		<type>MODULE_LOAD</type>
		<severity>INFO</severity>
		<timestamp>Sun Apr 03 22:51:28 2016</timestamp>
		<arg name='path'>C:\Windows\syswow64\SHLWAPI.dll</arg>
		<arg name='addr1'>0x76CE0000</arg>
		<arg name='addr2'>0x76D36FFF</arg>
	</msg>
	<!-- Module loaded C:\Windows\WinSxS\x86_microsoft.windows.common-controls_6595b64144ccf1df_6.0.7601.18837_none_41e855142bd5705d\COMCTL32.dll, address range [0x71c70000-0x71e0dfff] -->
	<msg id='32' source='mc'>
		<type>MODULE_LOAD</type>
		<severity>INFO</severity>
		<timestamp>Sun Apr 03 22:51:28 2016</timestamp>
		<arg name='path'>C:\Windows\WinSxS\x86_microsoft.windows.common-controls_6595b64144ccf1df_6.0.7601.18837_none_41e855142bd5705d\COMCTL32.dll</arg>
		<arg name='addr1'>0x71C70000</arg>
		<arg name='addr2'>0x71E0DFFF</arg>
	</msg>
	<!-- Module loaded C:\Windows\system32\UxTheme.dll, address range [0x71990000-0x71a0ffff], minimal analysis -->
	<msg id='33' source='mc'>
		<type>MODULE_LOAD_NO_ANALYSIS</type>
		<severity>INFO</severity>
		<timestamp>Sun Apr 03 22:51:28 2016</timestamp>
		<arg name='path'>C:\Windows\system32\UxTheme.dll</arg>
		<arg name='addr1'>0x71990000</arg>
		<arg name='addr2'>0x71A0FFFF</arg>
	</msg>
	<!-- Module loaded C:\Windows\system32\oledlg.dll, address range [0x3fe60000-0x3fe7bfff] -->
	<msg id='34' source='mc'>
		<type>MODULE_LOAD</type>
		<severity>INFO</severity>
		<timestamp>Sun Apr 03 22:51:28 2016</timestamp>
		<arg name='path'>C:\Windows\system32\oledlg.dll</arg>
		<arg name='addr1'>0x3FE60000</arg>
		<arg name='addr2'>0x3FE7BFFF</arg>
	</msg>
	<!-- Module loaded C:\Windows\WinSxS\x86_microsoft.windows.gdiplus_6595b64144ccf1df_1.1.7601.19061_none_72d6d48d86649709\gdiplus.dll, address range [0x69c70000-0x69dfffff] -->
	<msg id='35' source='mc'>
		<type>MODULE_LOAD</type>
		<severity>INFO</severity>
		<timestamp>Sun Apr 03 22:51:29 2016</timestamp>
		<arg name='path'>C:\Windows\WinSxS\x86_microsoft.windows.gdiplus_6595b64144ccf1df_1.1.7601.19061_none_72d6d48d86649709\gdiplus.dll</arg>
		<arg name='addr1'>0x69C70000</arg>
		<arg name='addr2'>0x69DFFFFF</arg>
	</msg>
	<!-- Module loaded C:\Windows\system32\OLEACC.dll, address range [0x5c400000-0x5c43bfff] -->
	<msg id='36' source='mc'>
		<type>MODULE_LOAD</type>
		<severity>INFO</severity>
		<timestamp>Sun Apr 03 22:51:29 2016</timestamp>
		<arg name='path'>C:\Windows\system32\OLEACC.dll</arg>
		<arg name='addr1'>0x5C400000</arg>
		<arg name='addr2'>0x5C43BFFF</arg>
	</msg>
	<!-- Module loaded C:\Windows\system32\WINMM.dll, address range [0x74030000-0x74061fff] -->
	<msg id='37' source='mc'>
		<type>MODULE_LOAD</type>
		<severity>INFO</severity>
		<timestamp>Sun Apr 03 22:51:29 2016</timestamp>
		<arg name='path'>C:\Windows\system32\WINMM.dll</arg>
		<arg name='addr1'>0x74030000</arg>
		<arg name='addr2'>0x74061FFF</arg>
	</msg>
	<!-- Module loaded C:\Windows\system32\api-ms-win-core-synch-l1-2-0.DLL, address range [0x721b0000-0x721b2fff] -->
	<msg id='38' source='mc'>
		<type>MODULE_LOAD</type>
		<severity>INFO</severity>
		<timestamp>Sun Apr 03 22:51:29 2016</timestamp>
		<arg name='path'>C:\Windows\system32\api-ms-win-core-synch-l1-2-0.DLL</arg>
		<arg name='addr1'>0x721B0000</arg>
		<arg name='addr2'>0x721B2FFF</arg>
	</msg>
	<!-- DIAG: 2 -->
	<!-- DIAG: 3 -->
	<!-- DIAG: 4 -->
	<!-- Module loaded C:\Windows\system32\dwmapi.dll, address range [0x6bf80000-0x6bf92fff], minimal analysis -->
	<msg id='39' source='mc'>
		<type>MODULE_LOAD_NO_ANALYSIS</type>
		<severity>INFO</severity>
		<timestamp>Sun Apr 03 22:51:29 2016</timestamp>
		<arg name='path'>C:\Windows\system32\dwmapi.dll</arg>
		<arg name='addr1'>0x6BF80000</arg>
		<arg name='addr2'>0x6BF92FFF</arg>
	</msg>
	<!-- Module loaded C:\Windows\system32\CRYPTSP.dll, address range [0x71970000-0x71986fff] -->
	<msg id='40' source='mc'>
		<type>MODULE_LOAD</type>
		<severity>INFO</severity>
		<timestamp>Sun Apr 03 22:51:29 2016</timestamp>
		<arg name='path'>C:\Windows\system32\CRYPTSP.dll</arg>
		<arg name='addr1'>0x71970000</arg>
		<arg name='addr2'>0x71986FFF</arg>
	</msg>
	<!-- Module loaded C:\Windows\system32\rsaenh.dll, address range [0x71930000-0x7196afff] -->
	<msg id='41' source='mc'>
		<type>MODULE_LOAD</type>
		<severity>INFO</severity>
		<timestamp>Sun Apr 03 22:51:29 2016</timestamp>
		<arg name='path'>C:\Windows\system32\rsaenh.dll</arg>
		<arg name='addr1'>0x71930000</arg>
		<arg name='addr2'>0x7196AFFF</arg>
	</msg>
	<!-- Module loaded C:\Windows\system32\RpcRtRemote.dll, address range [0x728e0000-0x728edfff] -->
	<msg id='42' source='mc'>
		<type>MODULE_LOAD</type>
		<severity>INFO</severity>
		<timestamp>Sun Apr 03 22:51:29 2016</timestamp>
		<arg name='path'>C:\Windows\system32\RpcRtRemote.dll</arg>
		<arg name='addr1'>0x728E0000</arg>
		<arg name='addr2'>0x728EDFFF</arg>
	</msg>
	<!-- DIAG: 8 -->
	<!-- DIAG: 9 -->
	<!-- DIAG: 10 -->
	<!-- DIAG: 11 -->
	<!-- DIAG: 12 -->
	<!-- DIAG: 13 -->
	<!-- DIAG: 14 -->
	<!-- DIAG: 15 -->
	<!-- DIAG: 16 -->
	<!-- DIAG: 17 -->
	<!-- DIAG: 18 -->
	<!-- DIAG: 19 -->
	<!-- DIAG: 20 -->
	<!-- DIAG: 21 -->
	<!-- Module loaded C:\Windows\system32\WindowsCodecs.dll, address range [0x65aa0000-0x65bd0fff] -->
	<msg id='43' source='mc'>
		<type>MODULE_LOAD</type>
		<severity>INFO</severity>
		<timestamp>Sun Apr 03 22:51:29 2016</timestamp>
		<arg name='path'>C:\Windows\system32\WindowsCodecs.dll</arg>
		<arg name='addr1'>0x65AA0000</arg>
		<arg name='addr2'>0x65BD0FFF</arg>
	</msg>
	<!-- DIAG: 23 -->
	<!-- DIAG: 24 -->
	<!-- DIAG: 25 -->
	<!-- DIAG: 26 -->
	<!-- DIAG: 27 -->
	<!-- DIAG: 28 -->
	<!-- DIAG: 29 -->
	<!-- DIAG: 30 -->
	<!-- DIAG: 31 -->
	<!-- DIAG: 32 -->
	<!-- DIAG: 33 -->
	<!-- DIAG: 34 -->
	<!-- DIAG: 35 -->
	<!-- DIAG: 36 -->
	<!-- DIAG: 37 -->
	<!-- DIAG: 38 -->
	<!-- DIAG: 39 -->
	<!-- DIAG: 40 -->
	<!-- DIAG: 41 -->
	<!-- DIAG: 42 -->
	<!-- DIAG: 43 -->
	<!-- DIAG: 44 -->
	<!-- DIAG: 45 -->
	<!-- DIAG: 46 -->
	<!-- DIAG: 47 -->
	<!-- DIAG: 48 -->
	<!-- DIAG: 49 -->
	<!-- DIAG: 50 -->
	<!-- DIAG: 51 -->
	<!-- DIAG: 52 -->
	<!-- DIAG: 53 -->
	<!-- DIAG: 54 -->
	<!-- DIAG: 55 -->
	<!-- DIAG: 56 -->
	<!-- DIAG: 57 -->
	<!-- DIAG: 58 -->
	<!-- DIAG: 59 -->
	<!-- DIAG: 60 -->
	<!-- DIAG: 61 -->
	<!-- DIAG: 62 -->
	<!-- DIAG: 63 -->
	<!-- DIAG: 64 -->
	<!-- DIAG: 65 -->
	<!-- DIAG: 66 -->
	<!-- DIAG: 67 -->
	<!-- DIAG: 68 -->
	<!-- DIAG: 69 -->
	<!-- DIAG: 70 -->
	<!-- DIAG: 71 -->
	<!-- DIAG: 72 -->
	<!-- DIAG: 73 -->
	<!-- DIAG: 74 -->
	<!-- DIAG: 75 -->
	<!-- DIAG: 76 -->
	<!-- DIAG: 77 -->
	<!-- DIAG: 78 -->
	<!-- DIAG: 79 -->
	<!-- DIAG: 80 -->
	<!-- DIAG: 81 -->
	<!-- DIAG: 82 -->
	<!-- DIAG: 83 -->
	<!-- DIAG: 84 -->
	<!-- DIAG: 85 -->
	<!-- DIAG: 86 -->
	<!-- DIAG: 87 -->
	<!-- DIAG: 88 -->
	<!-- DIAG: 89 -->
	<!-- DIAG: 90 -->
	<!-- DIAG: 91 -->
	<!-- DIAG: 92 -->
	<!-- DIAG: 93 -->
	<!-- DIAG: 94 -->
	<!-- DIAG: 95 -->
	<!-- DIAG: 96 -->
	<!-- DIAG: 97 -->
	<!-- DIAG: 98 -->
	<!-- DIAG: 99 -->
	<!-- DIAG: 100 -->
	<!-- DIAG: 101 -->
	<!-- DIAG: 102 -->
	<!-- DIAG: 103 -->
	<!-- DIAG: 104 -->
	<!-- DIAG: 105 -->
	<!-- DIAG: 106 -->
	<!-- DIAG: 107 -->
	<!-- DIAG: 108 -->
	<!-- DIAG: 109 -->
	<!-- DIAG: 110 -->
	<!-- DIAG: 111 -->
	<!-- DIAG: 112 -->
	<!-- DIAG: 113 -->
	<!-- DIAG: 114 -->
	<!-- DIAG: 115 -->
	<!-- DIAG: 116 -->
	<!-- Module loaded C:\Windows\system32\ole32.dll, address range [0x0b350000-0x0b4abfff], minimal analysis -->
	<msg id='44' source='mc'>
		<type>MODULE_LOAD_NO_ANALYSIS</type>
		<severity>INFO</severity>
		<timestamp>Sun Apr 03 22:51:30 2016</timestamp>
		<arg name='path'>C:\Windows\system32\ole32.dll</arg>
		<arg name='addr1'>0x0B350000</arg>
		<arg name='addr2'>0x0B4ABFFF</arg>
	</msg>
	<!-- Module unloaded C:\Windows\system32\ole32.dll -->
	<msg id='45' source='mc'>
		<type>MODULE_UNLOAD</type>
		<severity>INFO</severity>
		<timestamp>Sun Apr 03 22:51:30 2016</timestamp>
		<arg name='path'>C:\Windows\system32\ole32.dll</arg>
	</msg>
	<!-- DIAG: 117 -->
	<!-- DIAG: 118 -->
	<!-- DIAG: 119 -->
	<!-- DIAG: 120 -->
	<!-- DIAG: 121 -->
	<!-- DIAG: 122 -->
	<!-- DIAG: 123 -->
	<!-- DIAG: 124 -->
	<!-- DIAG: 125 -->
	<!-- DIAG: 126 -->
	<!-- DIAG: 127 -->
	<!-- DIAG: 128 -->
	<!-- DIAG: 129 -->
	<!-- DIAG: 130 -->
	<!-- DIAG: 131 -->
	<!-- DIAG: 132 -->
	<!-- DIAG: 133 -->
	<!-- DIAG: 134 -->
	<!-- DIAG: 135 -->
	<!-- DIAG: 136 -->
	<!-- Module loaded C:\Program Files (x86)\G10 Multi-Mode\DLL\DLL_PenSuit.dll, address range [0x740d0000-0x740e5fff] -->
	<msg id='46' source='mc'>
		<type>MODULE_LOAD</type>
		<severity>INFO</severity>
		<timestamp>Sun Apr 03 22:52:34 2016</timestamp>
		<arg name='path'>C:\Program Files (x86)\G10 Multi-Mode\DLL\DLL_PenSuit.dll</arg>
		<arg name='addr1'>0x740D0000</arg>
		<arg name='addr2'>0x740E5FFF</arg>
	</msg>
	<!-- DIAG: 138 -->
	<!-- DIAG: 140 -->
	<!-- DIAG: 141 -->
	<!-- DIAG: 142 -->
	<!-- DIAG: 143 -->
	<!-- DIAG: 144 -->
	<!-- DIAG: 145 -->
	<!-- DIAG: 146 -->
	<!-- DIAG: 147 -->
	<!-- DIAG: 148 -->
	<!-- DIAG: 149 -->
	<!-- DIAG: 150 -->
	<!-- DIAG: 151 -->
	<!-- DIAG: 152 -->
	<!-- DIAG: 153 -->
	<!-- DIAG: 154 -->
	<!-- DIAG: 155 -->
	<!-- DIAG: 156 -->
	<!-- DIAG: 157 -->
	<!-- DIAG: 158 -->
	<!-- DIAG: 159 -->
	<!-- DIAG: 160 -->
	<!-- DIAG: 161 -->
	<!-- DIAG: 162 -->
	<!-- DIAG: 163 -->
	<!-- DIAG: 164 -->
	<!-- DIAG: 165 -->
	<!-- DIAG: 166 -->
	<!-- DIAG: 167 -->
	<!-- DIAG: 168 -->
	<!-- DIAG: 169 -->
	<!-- DIAG: 170 -->
	<!-- DIAG: 171 -->
	<!-- DIAG: 172 -->
	<!-- DIAG: 173 -->
	<!-- DIAG: 174 -->
	<!-- DIAG: 175 -->
	<!-- DIAG: 176 -->
	<!-- DIAG: 177 -->
	<!-- DIAG: 178 -->
	<!-- DIAG: 179 -->
	<!-- DIAG: 180 -->
	<!-- DIAG: 181 -->
	<!-- DIAG: 182 -->
	<!-- DIAG: 183 -->
	<!-- DIAG: 184 -->
	<!-- DIAG: 185 -->
	<!-- DIAG: 186 -->
	<!-- DIAG: 187 -->
	<!-- DIAG: 188 -->
	<!-- DIAG: 189 -->
	<!-- DIAG: 190 -->
	<!-- DIAG: 191 -->
	<!-- DIAG: 192 -->
	<!-- DIAG: 193 -->
	<!-- DIAG: 194 -->
	<!-- DIAG: 195 -->
	<!-- DIAG: 196 -->
	<!-- DIAG: 197 -->
	<!-- DIAG: 198 -->
	<!-- DIAG: 199 -->
	<!-- DIAG: 200 -->
	<!-- DIAG: 201 -->
	<!-- DIAG: 202 -->
	<!-- DIAG: 203 -->
	<!-- DIAG: 204 -->
	<!-- DIAG: 205 -->
	<!-- DIAG: 206 -->
	<!-- DIAG: 207 -->
	<!-- DIAG: 208 -->
	<!-- DIAG: 209 -->
	<!-- DIAG: 210 -->
	<!-- DIAG: 211 -->
	<!-- DIAG: 212 -->
	<!-- DIAG: 213 -->
	<!-- DIAG: 214 -->
	<!-- DIAG: 215 -->
	<!-- DIAG: 216 -->
	<!-- DIAG: 217 -->
	<!-- DIAG: 218 -->
	<!-- DIAG: 219 -->
	<!-- DIAG: 220 -->
	<!-- DIAG: 221 -->
	<!-- DIAG: 222 -->
	<!-- DIAG: 223 -->
	<!-- DIAG: 224 -->
	<!-- DIAG: 225 -->
	<!-- DIAG: 226 -->
	<!-- DIAG: 229 -->
	<!-- DIAG: 230 -->
	<!-- Module unloaded C:\Windows\system32\api-ms-win-core-synch-l1-2-0.DLL -->
	<msg id='47' source='mc'>
		<type>MODULE_UNLOAD</type>
		<severity>INFO</severity>
		<timestamp>Sun Apr 03 22:52:47 2016</timestamp>
		<arg name='path'>C:\Windows\system32\api-ms-win-core-synch-l1-2-0.DLL</arg>
	</msg>
	<!-- DIAG: 231 -->
	<!-- DIAG: 232 -->
	<!-- DIAG: 233 -->
	<!-- DIAG: 234 -->
	<!-- DIAG: 235 -->
	<!-- DIAG: 236 -->
	<!-- DIAG: 237 -->
	<!-- DIAG: 238 -->
	<!-- DIAG: 239 -->
	<!-- DIAG: 240 -->
	<!-- DIAG: 241 -->
	<!-- DIAG: 242 -->
	<!-- DIAG: 243 -->
	<!-- DIAG: 244 -->
	<!-- DIAG: 245 -->
	<!-- DIAG: 246 -->
	<!-- DIAG: 247 -->
	<!-- DIAG: 248 -->
	<!-- DIAG: 249 -->
	<!-- DIAG: 250 -->
	<!-- DIAG: 251 -->
	<!-- DIAG: 252 -->
	<!-- DIAG: 253 -->
	<!-- DIAG: 254 -->
	<!-- DIAG: 255 -->
	<!-- DIAG: 256 -->
	<!-- DIAG: 257 -->
	<!-- Process D:\OmegaSoft\Omega\Debug\Omega.exe exited with code 0. Leak analysis starting - this may take a while. -->
	<msg id='48' source='mc'>
		<type>PROCESS_COMPLETE</type>
		<severity>INFO</severity>
		<timestamp>Sun Apr 03 22:52:47 2016</timestamp>
		<arg name='path'>D:\OmegaSoft\Omega\Debug\Omega.exe</arg>
		<arg name='code'>0</arg>
	</msg>
	<!-- DIAG: 261 -->
	<!-- DIAG: 262 -->
	<!-- DIAG: 263 -->
	<!-- DIAG: 264 -->
	<!-- DIAG: 265 -->
	<!-- DIAG: 266 -->
	<!-- DIAG: 267 -->
	<!-- DIAG: 268 -->
	<!-- DIAG: 269 -->
	<!-- DIAG: 270 -->
	<!-- DIAG: 271 -->
	<!-- DIAG: 272 -->
	<!-- DIAG: 273 -->
	<!-- DIAG: 274 -->
	<!-- DIAG: 275 -->
	<!-- DIAG: 276 -->
	<!-- DIAG: 277 -->
	<!-- DIAG: 278 -->
	<!-- DIAG: 279 -->
	<!-- DIAG: 280 -->
	<!-- DIAG: 281 -->
	<!-- DIAG: 282 -->
	<!-- DIAG: 283 -->
	<!-- DIAG: 284 -->
	<!-- DIAG: 285 -->
	<!-- DIAG: 286 -->
	<!-- DIAG: 287 -->
	<!-- DIAG: 288 -->
	<!-- DIAG: 289 -->
	<!-- DIAG: 290 -->
	<!-- DIAG: 291 -->
	<!-- DIAG: 292 -->
	<!-- DIAG: 293 -->
	<!-- DIAG: 294 -->
	<!-- DIAG: 295 -->
	<!-- DIAG: 296 -->
	<!-- DIAG: 297 -->
	<!-- DIAG: 298 -->
	<!-- DIAG: 299 -->
	<!-- DIAG: 300 -->
	<!-- DIAG: 301 -->
	<!-- DIAG: 302 -->
	<!-- DIAG: 303 -->
	<!-- DIAG: 304 -->
	<!-- DIAG: 305 -->
	<!-- DIAG: 306 -->
	<!-- DIAG: 307 -->
	<!-- DIAG: 308 -->
	<!-- DIAG: 309 -->
	<!-- DIAG: 310 -->
	<!-- DIAG: 311 -->
	<!-- DIAG: 312 -->
	<!-- DIAG: 313 -->
	<!-- DIAG: 314 -->
	<!-- DIAG: 315 -->
	<!-- DIAG: 316 -->
	<!-- DIAG: 317 -->
	<!-- DIAG: 318 -->
	<!-- DIAG: 319 -->
	<!-- DIAG: 320 -->
	<!-- DIAG: 321 -->
	<!-- DIAG: 322 -->
	<!-- DIAG: 323 -->
	<!-- DIAG: 324 -->
	<!-- DIAG: 325 -->
	<!-- DIAG: 326 -->
	<!-- DIAG: 327 -->
	<!-- DIAG: 328 -->
	<!-- DIAG: 329 -->
	<!-- DIAG: 330 -->
	<!-- DIAG: 331 -->
	<!-- DIAG: 332 -->
	<!-- DIAG: 333 -->
	<!-- DIAG: 334 -->
	<!-- DIAG: 335 -->
	<!-- DIAG: 336 -->
	<!-- DIAG: 337 -->
	<!-- DIAG: 338 -->
	<!-- DIAG: 339 -->
	<!-- DIAG: 340 -->
	<!-- DIAG: 341 -->
	<!-- DIAG: 342 -->
	<!-- DIAG: 343 -->
	<!-- DIAG: 344 -->
	<!-- DIAG: 345 -->
	<!-- DIAG: 346 -->
	<!-- DIAG: 347 -->
	<!-- DIAG: 348 -->
	<!-- DIAG: 349 -->
	<!-- DIAG: 350 -->
	<!-- DIAG: 351 -->
	<!-- DIAG: 352 -->
	<!-- DIAG: 353 -->
	<!-- DIAG: 354 -->
	<!-- DIAG: 355 -->
	<!-- DIAG: 356 -->
	<!-- DIAG: 357 -->
	<!-- DIAG: 358 -->
	<!-- DIAG: 359 -->
	<!-- DIAG: 360 -->
	<!-- DIAG: 361 -->
	<!-- DIAG: 362 -->
	<!-- DIAG: 363 -->
	<!-- DIAG: 364 -->
	<!-- DIAG: 365 -->
	<!-- DIAG: 366 -->
	<!-- DIAG: 367 -->
	<!-- DIAG: 368 -->
	<!-- DIAG: 369 -->
	<!-- DIAG: 370 -->
	<!-- DIAG: 371 -->
	<!-- DIAG: 372 -->
	<!-- DIAG: 373 -->
	<!-- DIAG: 374 -->
	<!-- DIAG: 375 -->
	<!-- DIAG: 376 -->
	<!-- DIAG: 377 -->
	<!-- DIAG: 378 -->
	<!-- DIAG: 379 -->
	<!-- DIAG: 380 -->
	<!-- DIAG: 381 -->
	<!-- DIAG: 382 -->
	<!-- DIAG: 383 -->
	<!-- DIAG: 384 -->
	<!-- DIAG: 385 -->
	<!-- DIAG: 386 -->
	<!-- DIAG: 387 -->
	<!-- Analysis completed for D:\OmegaSoft\Omega\Debug\Omega.exe -->
	<msg id='49' source='mc'>
		<type>ANALYSIS_COMPLETE</type>
		<severity>INFO</severity>
		<timestamp>Sun Apr 03 22:52:47 2016</timestamp>
		<arg name='path'>D:\OmegaSoft\Omega\Debug\Omega.exe</arg>
	</msg>